<?xml version="1.0" encoding="utf-8"?><testsuites name="pytest tests"><testsuite name="pytest" errors="0" failures="0" skipped="0" tests="20" time="3.520" timestamp="2026-06-05T15:03:00.010638+00:00" hostname="agent-env-13960a3e-368a-433d-9088-5ca11b93a04c"><testcase classname="backend.tests.test_new_features" name="test_flights_unauthorized" time="0.182" /><testcase classname="backend.tests.test_new_features" name="test_flights_search_success" time="0.136" /><testcase classname="backend.tests.test_new_features" name="test_hotels_unauthorized" time="0.113" /><testcase classname="backend.tests.test_new_features" name="test_hotels_search_success" time="0.105" /><testcase classname="backend.tests.test_new_features" name="test_coords_unauthorized" time="0.124" /><testcase classname="backend.tests.test_new_features" name="test_coords_known_destination" time="0.114" /><testcase classname="backend.tests.test_new_features" name="test_coords_unknown_destination" time="0.115" /><testcase classname="backend.tests.test_new_features" name="test_bookings_unauthorized" time="0.107" /><testcase classname="backend.tests.test_new_features" name="test_booking_lifecycle" time="0.578" /><testcase classname="backend.tests.test_new_features" name="test_booking_not_found" time="0.167" /><testcase classname="backend.tests.test_new_features" name="test_booking_delete_not_found" time="0.125" /><testcase classname="backend.tests.test_new_features" name="test_wallet_list_unauthorized" time="0.106" /><testcase classname="backend.tests.test_new_features" name="test_wallet_upload_unauthorized" time="0.112" /><testcase classname="backend.tests.test_new_features" name="test_wallet_upload_success" time="0.258" /><testcase classname="backend.tests.test_new_features" name="test_wallet_list" time="0.114" /><testcase classname="backend.tests.test_new_features" name="test_wallet_list_category_filter" time="0.116" /><testcase classname="backend.tests.test_new_features" name="test_wallet_download" time="0.212" /><testcase classname="backend.tests.test_new_features" name="test_wallet_download_query_auth" time="0.202" /><testcase classname="backend.tests.test_new_features" name="test_wallet_delete" time="0.228" /><testcase classname="backend.tests.test_new_features" name="test_wallet_delete_not_found" time="0.134" /></testsuite></testsuites>