<?xml version="1.0" encoding="utf-8"?><testsuites name="pytest tests"><testsuite name="pytest" errors="0" failures="0" skipped="0" tests="11" time="35.807" timestamp="2026-06-03T09:33:45.921164+00:00" hostname="agent-env-13960a3e-368a-433d-9088-5ca11b93a04c"><testcase classname="backend.tests.backend_test" name="test_root" time="0.214" /><testcase classname="backend.tests.backend_test" name="test_auth_me_unauthorized" time="0.102" /><testcase classname="backend.tests.backend_test" name="test_auth_me_authorized" time="0.139" /><testcase classname="backend.tests.backend_test" name="test_auth_invalid_session_id_exchange" time="0.195" /><testcase classname="backend.tests.backend_test" name="test_trips_list_unauthorized" time="0.105" /><testcase classname="backend.tests.backend_test" name="test_trips_list_authorized" time="0.100" /><testcase classname="backend.tests.backend_test" name="test_trip_not_found" time="0.150" /><testcase classname="backend.tests.backend_test" name="test_trip_delete_not_found" time="0.149" /><testcase classname="backend.tests.backend_test" name="test_chat_unauthorized" time="0.099" /><testcase classname="backend.tests.backend_test" name="test_chat_stream_authorized" time="1.075" /><testcase classname="backend.tests.backend_test" name="test_trip_generate_and_lifecycle" time="33.244" /></testsuite></testsuites>