<?xml version="1.0" encoding="utf-8"?><testsuites name="pytest tests"><testsuite name="pytest" errors="0" failures="0" skipped="0" tests="21" time="5.870" timestamp="2026-06-05T15:19:25.433258+00:00" hostname="agent-env-13960a3e-368a-433d-9088-5ca11b93a04c"><testcase classname="tests.test_rewards_payments" name="test_rewards_unauthorized" time="0.288" /><testcase classname="tests.test_rewards_payments" name="test_rewards_summary_structure" time="0.124" /><testcase classname="tests.test_rewards_payments" name="test_rewards_tier_assignment_explorer" time="0.156" /><testcase classname="tests.test_rewards_payments" name="test_rewards_tier_voyager_at_5000" time="0.127" /><testcase classname="tests.test_rewards_payments" name="test_rewards_redeem_success" time="0.237" /><testcase classname="tests.test_rewards_payments" name="test_rewards_redeem_insufficient" time="0.137" /><testcase classname="tests.test_rewards_payments" name="test_subscription_status_unauthorized" time="0.142" /><testcase classname="tests.test_rewards_payments" name="test_subscription_status_initial" time="0.104" /><testcase classname="tests.test_rewards_payments" name="test_checkout_unauthorized" time="0.121" /><testcase classname="tests.test_rewards_payments" name="test_checkout_requires_package_or_booking" time="0.103" /><testcase classname="tests.test_rewards_payments" name="test_checkout_rejects_invalid_package" time="0.111" /><testcase classname="tests.test_rewards_payments" name="test_checkout_rejects_frontend_amount" time="0.624" /><testcase classname="tests.test_rewards_payments" name="test_checkout_monthly_creates_stripe_session" time="0.461" /><testcase classname="tests.test_rewards_payments" name="test_checkout_yearly_creates_stripe_session" time="0.467" /><testcase classname="tests.test_rewards_payments" name="test_checkout_with_booking_id" time="0.544" /><testcase classname="tests.test_rewards_payments" name="test_checkout_booking_not_found" time="0.108" /><testcase classname="tests.test_rewards_payments" name="test_payment_status_pending" time="0.311" /><testcase classname="tests.test_rewards_payments" name="test_payment_status_not_found" time="0.110" /><testcase classname="tests.test_rewards_payments" name="test_idempotent_post_payment_processing" time="0.953" /><testcase classname="tests.test_rewards_payments" name="test_tier_multiplier_applied" time="0.005" /><testcase classname="tests.test_rewards_payments" name="test_payment_transaction_recorded" time="0.474" /></testsuite></testsuites>